<?xml version="1.0" encoding="UTF-8"?>
<!-- Generated by org.testng.reporters.JUnitXMLReporter -->
<testsuite hostname="ALEXA" ignored="0" name="Default test" tests="5" failures="0" timestamp="2021-06-03T19:17:14 IST" time="12.57" errors="0">
  <testcase name="blazeUIHomePageVerification" time="0.16" classname="com.virtual.report.TestScript"/>
  <testcase name="getSpaceXApiLaunchLatest" time="5.639" classname="com.virtual.report.TestScript"/>
  <testcase name="blazeUIFindFlights" time="1.404" classname="com.virtual.report.TestScript"/>
  <testcase name="blazeUIEnd2EndFlow" time="3.781" classname="com.virtual.report.TestScript"/>
  <testcase name="test_01" time="1.511" classname="Test01_GET"/>
</testsuite> <!-- Default test -->
