<?xml version="1.0" encoding="UTF-8"?>
<testng-results skipped="0" failed="0" ignored="0" total="5" passed="5">
  <reporter-output>
    <line>
      <![CDATA[HomePageVerification: find flights submit button is not enabled]]>
    </line>
    <line>
      <![CDATA[Response of API: {"fairings":{"reused":true,"recovery_attempt":true,"recovered":true,"ships":["5ea6ed2e080df4000697c909","5ea6ed2f080df4000697c90c"]},"links":{"patch":{"small":"https://imgur.com/BrW201S.png","large":"https://imgur.com/573IfGk.png"},"reddit":{"campaign":"https://www.reddit.com/r/spacex/comments/jhu37i/starlink_general_discussion_and_deployment_thread/","launch":"https://www.reddit.com/r/spacex/comments/nkxg4s/rspacex_starlink28_launch_discussion_and_updates/","media":null,"recovery":"https://www.reddit.com/r/spacex/comments/k2ts1q/rspacex_fleet_updates_discussion_thread/"},"flickr":{"small":[],"original":[]},"presskit":null,"webcast":"https://youtu.be/xRu-ekesDyY","youtube_id":"xRu-ekesDyY","article":null,"wikipedia":"https://en.wikipedia.org/wiki/Starlink"},"static_fire_date_utc":null,"static_fire_date_unix":null,"tbd":false,"net":false,"window":null,"rocket":"5e9d0d95eda69973a809d1ec","success":true,"details":"This mission launches the 28th batch of operational Starlink satellites, which were version 1.0, from SLC-40. It was the 29th Starlink launch overall. The satellites plan to be delivered to low Earth orbit and will spend a few weeks maneuvering to their operational altitude. The booster is expected to land on ASDS JRTI.","crew":[],"ships":["5ea6ed30080df4000697c913","5ea6ed2f080df4000697c90c","5ee68c683c228f36bd5809b5","5ea6ed2f080df4000697c90b","5ea6ed2e080df4000697c909"],"capsules":[],"payloads":["6079bd679a06446e8c61bf7d"],"launchpad":"5e9e4501f509094ba4566f84","auto_update":true,"launch_library_id":"fb25ecf0-fb51-4b5e-b678-105f6ba4c06e","failures":[],"flight_number":128,"name":"Starlink-28 (v1.0)","date_utc":"2021-05-26T18:59:00.000Z","date_unix":1622055540,"date_local":"2021-05-26T14:59:00-04:00","date_precision":"hour","upcoming":false,"cores":[{"core":"5f57c54a0622a633027900a1","flight":2,"gridfins":true,"legs":true,"reused":true,"landing_attempt":true,"landing_success":true,"landing_type":"ASDS","landpad":"5e9e3033383ecbb9e534e7cc"}],"id":"6079bd399a06446e8c61bf77"}]]>
    </line>
    <line>
      <![CDATA[Response of status: 200]]>
    </line>
    <line>
      <![CDATA[Verify: flightNo 128]]>
    </line>
    <line>
      <![CDATA[Verify: flightName Starlink-28 (v1.0)]]>
    </line>
    <line>
      <![CDATA[Verify: flightsuccess true]]>
    </line>
    <line>
      <![CDATA[SpaceX API response details are received128]]>
    </line>
    <line>
      <![CDATA[HomePageVerification: find flights submit button is not enabled]]>
    </line>
    <line>
      <![CDATA[HomePageTitleVerification: Title Verified  :Welcome to the Simple Travel Agency!]]>
    </line>
    <line>
      <![CDATA[chooseDepartureCity: Selection of Departure :Philadelphia]]>
    </line>
    <line>
      <![CDATA[chooseDestinationCity: Selection of Destination :London]]>
    </line>
    <line>
      <![CDATA[submittoFindFlights: Find Flight submitted  :]]>
    </line>
    <line>
      <![CDATA[TraveltheworldSelection: Selection of Travel The World link:]]>
    </line>
    <line>
      <![CDATA[HomePageVerification: find flights submit button is not enabled]]>
    </line>
    <line>
      <![CDATA[HomePageTitleVerification: Title Verified  :Welcome to the Simple Travel Agency!]]>
    </line>
    <line>
      <![CDATA[chooseDepartureCity: Selection of Departure :Boston]]>
    </line>
    <line>
      <![CDATA[chooseDestinationCity: Selection of Destination :Cairo]]>
    </line>
    <line>
      <![CDATA[submittoFindFlights: Find Flight submitted  :]]>
    </line>
    <line>
      <![CDATA[verifyFlightPageHeader: flights page header verified from:Boston ,and to:Cairo ,city names]]>
    </line>
    <line>
      <![CDATA[choosethisflight: Choose this flights button selected]]>
    </line>
    <line>
      <![CDATA[submitPurchaseTicket: purchase flight selected]]>
    </line>
    <line>
      <![CDATA[getConfirmation: Purchase Flight Ticket Confirmation ID1622728029916]]>
    </line>
  </reporter-output>
  <suite name="Default suite" duration-ms="12570" started-at="2021-06-03T19:17:01 IST" finished-at="2021-06-03T19:17:14 IST">
    <groups>
    </groups>
    <test name="Default test" duration-ms="12570" started-at="2021-06-03T19:17:01 IST" finished-at="2021-06-03T19:17:14 IST">
      <class name="Test01_GET">
        <test-method status="PASS" signature="test_01()[pri:0, instance:Test01_GET@32eebfca]" name="test_01" duration-ms="1511" started-at="2021-06-03T19:17:12 IST" finished-at="2021-06-03T19:17:14 IST">
          <reporter-output>
          </reporter-output>
        </test-method> <!-- test_01 -->
      </class> <!-- Test01_GET -->
      <class name="com.virtual.report.TestScript">
        <test-method status="PASS" signature="start()[pri:0, instance:com.virtual.report.TestScript@28ac3dc3]" name="start" is-config="true" duration-ms="17398" started-at="2021-06-03T19:16:44 IST" finished-at="2021-06-03T19:17:01 IST">
          <reporter-output>
          </reporter-output>
        </test-method> <!-- start -->
        <test-method status="PASS" signature="blazeUIHomePageVerification()[pri:0, instance:com.virtual.report.TestScript@28ac3dc3]" name="blazeUIHomePageVerification" duration-ms="160" started-at="2021-06-03T19:17:01 IST" description="Blaze UI: Home Page Verification" finished-at="2021-06-03T19:17:01 IST">
          <reporter-output>
            <line>
              <![CDATA[HomePageVerification: find flights submit button is not enabled]]>
            </line>
          </reporter-output>
        </test-method> <!-- blazeUIHomePageVerification -->
        <test-method status="PASS" signature="getSpaceXApiLaunchLatest()[pri:0, instance:com.virtual.report.TestScript@28ac3dc3]" name="getSpaceXApiLaunchLatest" duration-ms="5639" started-at="2021-06-03T19:17:01 IST" description="get SpaceX Api Launch Latest details" finished-at="2021-06-03T19:17:07 IST">
          <reporter-output>
            <line>
              <![CDATA[Response of API: {"fairings":{"reused":true,"recovery_attempt":true,"recovered":true,"ships":["5ea6ed2e080df4000697c909","5ea6ed2f080df4000697c90c"]},"links":{"patch":{"small":"https://imgur.com/BrW201S.png","large":"https://imgur.com/573IfGk.png"},"reddit":{"campaign":"https://www.reddit.com/r/spacex/comments/jhu37i/starlink_general_discussion_and_deployment_thread/","launch":"https://www.reddit.com/r/spacex/comments/nkxg4s/rspacex_starlink28_launch_discussion_and_updates/","media":null,"recovery":"https://www.reddit.com/r/spacex/comments/k2ts1q/rspacex_fleet_updates_discussion_thread/"},"flickr":{"small":[],"original":[]},"presskit":null,"webcast":"https://youtu.be/xRu-ekesDyY","youtube_id":"xRu-ekesDyY","article":null,"wikipedia":"https://en.wikipedia.org/wiki/Starlink"},"static_fire_date_utc":null,"static_fire_date_unix":null,"tbd":false,"net":false,"window":null,"rocket":"5e9d0d95eda69973a809d1ec","success":true,"details":"This mission launches the 28th batch of operational Starlink satellites, which were version 1.0, from SLC-40. It was the 29th Starlink launch overall. The satellites plan to be delivered to low Earth orbit and will spend a few weeks maneuvering to their operational altitude. The booster is expected to land on ASDS JRTI.","crew":[],"ships":["5ea6ed30080df4000697c913","5ea6ed2f080df4000697c90c","5ee68c683c228f36bd5809b5","5ea6ed2f080df4000697c90b","5ea6ed2e080df4000697c909"],"capsules":[],"payloads":["6079bd679a06446e8c61bf7d"],"launchpad":"5e9e4501f509094ba4566f84","auto_update":true,"launch_library_id":"fb25ecf0-fb51-4b5e-b678-105f6ba4c06e","failures":[],"flight_number":128,"name":"Starlink-28 (v1.0)","date_utc":"2021-05-26T18:59:00.000Z","date_unix":1622055540,"date_local":"2021-05-26T14:59:00-04:00","date_precision":"hour","upcoming":false,"cores":[{"core":"5f57c54a0622a633027900a1","flight":2,"gridfins":true,"legs":true,"reused":true,"landing_attempt":true,"landing_success":true,"landing_type":"ASDS","landpad":"5e9e3033383ecbb9e534e7cc"}],"id":"6079bd399a06446e8c61bf77"}]]>
            </line>
            <line>
              <![CDATA[Response of status: 200]]>
            </line>
            <line>
              <![CDATA[Verify: flightNo 128]]>
            </line>
            <line>
              <![CDATA[Verify: flightName Starlink-28 (v1.0)]]>
            </line>
            <line>
              <![CDATA[Verify: flightsuccess true]]>
            </line>
            <line>
              <![CDATA[SpaceX API response details are received128]]>
            </line>
          </reporter-output>
        </test-method> <!-- getSpaceXApiLaunchLatest -->
        <test-method status="PASS" signature="blazeUIFindFlights()[pri:1, instance:com.virtual.report.TestScript@28ac3dc3]" name="blazeUIFindFlights" duration-ms="1404" started-at="2021-06-03T19:17:07 IST" description="Blaze UI: Find Flights by selecting source and destination" finished-at="2021-06-03T19:17:08 IST">
          <reporter-output>
            <line>
              <![CDATA[HomePageVerification: find flights submit button is not enabled]]>
            </line>
            <line>
              <![CDATA[HomePageTitleVerification: Title Verified  :Welcome to the Simple Travel Agency!]]>
            </line>
            <line>
              <![CDATA[chooseDepartureCity: Selection of Departure :Philadelphia]]>
            </line>
            <line>
              <![CDATA[chooseDestinationCity: Selection of Destination :London]]>
            </line>
            <line>
              <![CDATA[submittoFindFlights: Find Flight submitted  :]]>
            </line>
          </reporter-output>
        </test-method> <!-- blazeUIFindFlights -->
        <test-method status="PASS" signature="blazeUIEnd2EndFlow()[pri:2, instance:com.virtual.report.TestScript@28ac3dc3]" name="blazeUIEnd2EndFlow" duration-ms="3781" started-at="2021-06-03T19:17:08 IST" description="Blaze UI: End 2 End Flow Book a flight" finished-at="2021-06-03T19:17:12 IST">
          <reporter-output>
            <line>
              <![CDATA[TraveltheworldSelection: Selection of Travel The World link:]]>
            </line>
            <line>
              <![CDATA[HomePageVerification: find flights submit button is not enabled]]>
            </line>
            <line>
              <![CDATA[HomePageTitleVerification: Title Verified  :Welcome to the Simple Travel Agency!]]>
            </line>
            <line>
              <![CDATA[chooseDepartureCity: Selection of Departure :Boston]]>
            </line>
            <line>
              <![CDATA[chooseDestinationCity: Selection of Destination :Cairo]]>
            </line>
            <line>
              <![CDATA[submittoFindFlights: Find Flight submitted  :]]>
            </line>
            <line>
              <![CDATA[verifyFlightPageHeader: flights page header verified from:Boston ,and to:Cairo ,city names]]>
            </line>
            <line>
              <![CDATA[choosethisflight: Choose this flights button selected]]>
            </line>
            <line>
              <![CDATA[submitPurchaseTicket: purchase flight selected]]>
            </line>
            <line>
              <![CDATA[getConfirmation: Purchase Flight Ticket Confirmation ID1622728029916]]>
            </line>
          </reporter-output>
        </test-method> <!-- blazeUIEnd2EndFlow -->
        <test-method status="PASS" signature="clean()[pri:0, instance:com.virtual.report.TestScript@28ac3dc3]" name="clean" is-config="true" duration-ms="1492" started-at="2021-06-03T19:17:14 IST" finished-at="2021-06-03T19:17:15 IST">
          <reporter-output>
          </reporter-output>
        </test-method> <!-- clean -->
      </class> <!-- com.virtual.report.TestScript -->
    </test> <!-- Default test -->
  </suite> <!-- Default suite -->
</testng-results>
